<?xml version="1.0" encoding="UTF-8"?>
<!-- Generated by org.testng.reporters.JUnitXMLReporter -->
<testsuite ignored="2" hostname="Haseebs-Air.hsd1.va.comcast.net" failures="0" tests="5" name="/Users/haseebrana/IdeaProjects/TestNgFrameworkBatch10" time="63.609" errors="0" timestamp="2021-10-23T14:35:14 EDT">
  <testcase classname="testCases.LoginTest" name="invalidLoginErrorMessageValidation" time="1.61"/>
  <testcase classname="testCases.LoginTest" name="invalidLoginErrorMessageValidation" time="1.235"/>
  <testcase classname="testCases.LoginTest" name="invalidLoginErrorMessageValidation" time="0.979"/>
  <testcase classname="testCases.LoginTest" name="invalidLoginErrorMessageValidation" time="1.06"/>
  <testcase classname="testCases.AddEmployeeTest" name="addEmployee" time="10.436"/>
  <testcase classname="testCases.AddEmployeeTest" name="addMultipleEmployees" time="0.0">
    <ignored/>
  </testcase> <!-- addMultipleEmployees -->
  <testcase classname="testCases.LoginTest" name="adminLogin" time="0.0">
    <ignored/>
  </testcase> <!-- adminLogin -->
</testsuite> <!-- /Users/haseebrana/IdeaProjects/TestNgFrameworkBatch10 -->
